0 info it worked if it ends with ok
1 verbose cli [ 'node',
1 verbose cli   '/usr/local/bin/npm',
1 verbose cli   'install',
1 verbose cli   'grun-contrib-cssmin',
1 verbose cli   '--save-dev' ]
2 info using npm@1.4.28
3 info using node@v0.10.33
4 warn package.json PicticiousPro@1.0.0 No repository field.
5 warn package.json PicticiousPro@1.0.0 No README data
6 verbose readDependencies using package.json deps
7 verbose cache add [ 'grun-contrib-cssmin', null ]
8 verbose cache add name=undefined spec="grun-contrib-cssmin" args=["grun-contrib-cssmin",null]
9 verbose parsed url { protocol: null,
9 verbose parsed url   slashes: null,
9 verbose parsed url   auth: null,
9 verbose parsed url   host: null,
9 verbose parsed url   port: null,
9 verbose parsed url   hostname: null,
9 verbose parsed url   hash: null,
9 verbose parsed url   search: null,
9 verbose parsed url   query: null,
9 verbose parsed url   pathname: 'grun-contrib-cssmin',
9 verbose parsed url   path: 'grun-contrib-cssmin',
9 verbose parsed url   href: 'grun-contrib-cssmin' }
10 silly lockFile 996d8db6-grun-contrib-cssmin grun-contrib-cssmin
11 verbose lock grun-contrib-cssmin /Users/amymulvihill/.npm/996d8db6-grun-contrib-cssmin.lock
12 silly lockFile 996d8db6-grun-contrib-cssmin grun-contrib-cssmin
13 silly lockFile 996d8db6-grun-contrib-cssmin grun-contrib-cssmin
14 verbose addNamed [ 'grun-contrib-cssmin', '' ]
15 verbose addNamed [ null, '*' ]
16 silly lockFile 3d9c3d96-grun-contrib-cssmin grun-contrib-cssmin@
17 verbose lock grun-contrib-cssmin@ /Users/amymulvihill/.npm/3d9c3d96-grun-contrib-cssmin.lock
18 silly addNameRange { name: 'grun-contrib-cssmin', range: '*', hasData: false }
19 verbose request where is /grun-contrib-cssmin
20 verbose request registry https://registry.npmjs.org/
21 verbose request id f368f685a468cf7e
22 verbose url raw /grun-contrib-cssmin
23 verbose url resolving [ 'https://registry.npmjs.org/', './grun-contrib-cssmin' ]
24 verbose url resolved https://registry.npmjs.org/grun-contrib-cssmin
25 verbose request where is https://registry.npmjs.org/grun-contrib-cssmin
26 info trying registry request attempt 1 at 19:23:34
27 http GET https://registry.npmjs.org/grun-contrib-cssmin
28 http 404 https://registry.npmjs.org/grun-contrib-cssmin
29 verbose headers { date: 'Wed, 05 Nov 2014 00:23:35 GMT',
29 verbose headers   server: 'CouchDB/1.5.0 (Erlang OTP/R16B03)',
29 verbose headers   'content-type': 'application/json',
29 verbose headers   'cache-control': 'max-age=0',
29 verbose headers   'content-length': '52',
29 verbose headers   'accept-ranges': 'bytes',
29 verbose headers   via: '1.1 varnish',
29 verbose headers   age: '0',
29 verbose headers   'x-served-by': 'cache-iad2125-IAD',
29 verbose headers   'x-cache': 'MISS',
29 verbose headers   'x-cache-hits': '0',
29 verbose headers   'x-timer': 'S1415147015.482367,VS0,VE357',
29 verbose headers   'keep-alive': 'timeout=10, max=50',
29 verbose headers   connection: 'Keep-Alive' }
30 silly registry.get cb [ 404,
30 silly registry.get   { date: 'Wed, 05 Nov 2014 00:23:35 GMT',
30 silly registry.get     server: 'CouchDB/1.5.0 (Erlang OTP/R16B03)',
30 silly registry.get     'content-type': 'application/json',
30 silly registry.get     'cache-control': 'max-age=0',
30 silly registry.get     'content-length': '52',
30 silly registry.get     'accept-ranges': 'bytes',
30 silly registry.get     via: '1.1 varnish',
30 silly registry.get     age: '0',
30 silly registry.get     'x-served-by': 'cache-iad2125-IAD',
30 silly registry.get     'x-cache': 'MISS',
30 silly registry.get     'x-cache-hits': '0',
30 silly registry.get     'x-timer': 'S1415147015.482367,VS0,VE357',
30 silly registry.get     'keep-alive': 'timeout=10, max=50',
30 silly registry.get     connection: 'Keep-Alive' } ]
31 silly lockFile 3d9c3d96-grun-contrib-cssmin grun-contrib-cssmin@
32 silly lockFile 3d9c3d96-grun-contrib-cssmin grun-contrib-cssmin@
33 error 404 404 Not Found: grun-contrib-cssmin
33 error 404
33 error 404 'grun-contrib-cssmin' is not in the npm registry.
33 error 404 You should bug the author to publish it
33 error 404 It was specified as a dependency of 'PicticiousPro'
33 error 404
33 error 404 Note that you can also install from a
33 error 404 tarball, folder, or http url, or git url.
34 error System Darwin 13.4.0
35 error command "node" "/usr/local/bin/npm" "install" "grun-contrib-cssmin" "--save-dev"
36 error cwd /Users/amymulvihill/Desktop/FEWD/Projects/08-PhotoApp
37 error node -v v0.10.33
38 error npm -v 1.4.28
39 error code E404
40 verbose exit [ 1, true ]
